{
  level: 'error',
  message: 'Failed to connect database The `uri` parameter to `openUri()` must be a string, got "undefined". Make sure the first parameter to `mongoose.connect()` or `mongoose.createConnection()` is a string.',
  stack: 'MongooseError: The `uri` parameter to `openUri()` must be a string, got "undefined". Make sure the first parameter to `mongoose.connect()` or `mongoose.createConnection()` is a string.\n' +
    '    at NativeConnection.createClient (G:\\node js\\restapi\\node_modules\\mongoose\\lib\\drivers\\node-mongodb-native\\connection.js:234:11)\n' +
    '    at NativeConnection.openUri (G:\\node js\\restapi\\node_modules\\mongoose\\lib\\connection.js:1086:34)\n' +
    '    at Mongoose.connect (G:\\node js\\restapi\\node_modules\\mongoose\\lib\\mongoose.js:475:15)\n' +
    '    at bootstrap (G:\\node js\\restapi\\src\\server.ts:20:20)\n' +
    '    at Object.<anonymous> (G:\\node js\\restapi\\src\\server.ts:44:1)\n' +
    '    at Module.<anonymous> (node:internal/modules/cjs/loader:1706:14)\n' +
    '    at Module._compile (G:\\node js\\restapi\\node_modules\\source-map-support\\source-map-support.js:568:25)\n' +
    '    at Module.m._compile (C:\\Users\\Dulal\\AppData\\Local\\Temp\\ts-node-dev-hook-39235639517519383.js:69:33)\n' +
    '    at node:internal/modules/cjs/loader:1839:10\n' +
    '    at require.extensions..jsx.require.extensions..js (C:\\Users\\Dulal\\AppData\\Local\\Temp\\ts-node-dev-hook-39235639517519383.js:114:20)',
  timestamp: '2026-07-05T09:36:48.510Z'
}
{
  level: 'error',
  message: 'Failed to connect database The `uri` parameter to `openUri()` must be a string, got "undefined". Make sure the first parameter to `mongoose.connect()` or `mongoose.createConnection()` is a string.',
  stack: 'MongooseError: The `uri` parameter to `openUri()` must be a string, got "undefined". Make sure the first parameter to `mongoose.connect()` or `mongoose.createConnection()` is a string.\n' +
    '    at NativeConnection.createClient (G:\\node js\\restapi\\node_modules\\mongoose\\lib\\drivers\\node-mongodb-native\\connection.js:234:11)\n' +
    '    at NativeConnection.openUri (G:\\node js\\restapi\\node_modules\\mongoose\\lib\\connection.js:1086:34)\n' +
    '    at Mongoose.connect (G:\\node js\\restapi\\node_modules\\mongoose\\lib\\mongoose.js:475:15)\n' +
    '    at bootstrap (G:\\node js\\restapi\\src\\server.ts:20:20)\n' +
    '    at Object.<anonymous> (G:\\node js\\restapi\\src\\server.ts:44:1)\n' +
    '    at Module.<anonymous> (node:internal/modules/cjs/loader:1706:14)\n' +
    '    at Module._compile (G:\\node js\\restapi\\node_modules\\source-map-support\\source-map-support.js:568:25)\n' +
    '    at Module.m._compile (C:\\Users\\Dulal\\AppData\\Local\\Temp\\ts-node-dev-hook-39235639517519383.js:69:33)\n' +
    '    at node:internal/modules/cjs/loader:1839:10\n' +
    '    at require.extensions..jsx.require.extensions..js (C:\\Users\\Dulal\\AppData\\Local\\Temp\\ts-node-dev-hook-39235639517519383.js:114:20)',
  timestamp: '2026-07-05T09:37:07.306Z'
}
{
  level: 'error',
  message: 'Failed to connect database The `uri` parameter to `openUri()` must be a string, got "undefined". Make sure the first parameter to `mongoose.connect()` or `mongoose.createConnection()` is a string.',
  stack: 'MongooseError: The `uri` parameter to `openUri()` must be a string, got "undefined". Make sure the first parameter to `mongoose.connect()` or `mongoose.createConnection()` is a string.\n' +
    '    at NativeConnection.createClient (G:\\node js\\restapi\\node_modules\\mongoose\\lib\\drivers\\node-mongodb-native\\connection.js:234:11)\n' +
    '    at NativeConnection.openUri (G:\\node js\\restapi\\node_modules\\mongoose\\lib\\connection.js:1086:34)\n' +
    '    at Mongoose.connect (G:\\node js\\restapi\\node_modules\\mongoose\\lib\\mongoose.js:475:15)\n' +
    '    at bootstrap (G:\\node js\\restapi\\src\\server.ts:20:20)\n' +
    '    at Object.<anonymous> (G:\\node js\\restapi\\src\\server.ts:44:1)\n' +
    '    at Module.<anonymous> (node:internal/modules/cjs/loader:1706:14)\n' +
    '    at Module._compile (G:\\node js\\restapi\\node_modules\\source-map-support\\source-map-support.js:568:25)\n' +
    '    at Module.m._compile (C:\\Users\\Dulal\\AppData\\Local\\Temp\\ts-node-dev-hook-5739973880359306.js:69:33)\n' +
    '    at node:internal/modules/cjs/loader:1839:10\n' +
    '    at require.extensions..jsx.require.extensions..js (C:\\Users\\Dulal\\AppData\\Local\\Temp\\ts-node-dev-hook-5739973880359306.js:114:20)',
  timestamp: '2026-07-05T09:37:37.655Z'
}
