{
  message: 'MongoDB Connected',
  level: 'info',
  timestamp: '2026-07-07T06:11:57.176Z'
}
{
  message: 'Server running on port 3000',
  level: 'info',
  timestamp: '2026-07-07T06:11:57.207Z'
}
{
  message: 'MongoDB Connected',
  level: 'info',
  timestamp: '2026-07-07T06:12:30.006Z'
}
{
  message: 'Server running on port 3000',
  level: 'info',
  timestamp: '2026-07-07T06:12:30.014Z'
}
{
  message: 'MongoDB Connected',
  level: 'info',
  timestamp: '2026-07-07T06:12:35.728Z'
}
{
  message: 'Server running on port 3000',
  level: 'info',
  timestamp: '2026-07-07T06:12:35.752Z'
}
{
  message: 'MongoDB Connected',
  level: 'info',
  timestamp: '2026-07-07T06:12:44.047Z'
}
{
  message: 'Server running on port 3000',
  level: 'info',
  timestamp: '2026-07-07T06:12:44.071Z'
}
{
  message: 'MongoDB Connected',
  level: 'info',
  timestamp: '2026-07-07T06:15:50.686Z'
}
{
  message: 'Server running on port 3000',
  level: 'info',
  timestamp: '2026-07-07T06:15:50.710Z'
}
{
  message: 'MongoDB Connected',
  level: 'info',
  timestamp: '2026-07-07T06:16:21.489Z'
}
{
  message: 'Server running on port 3000',
  level: 'info',
  timestamp: '2026-07-07T06:16:21.519Z'
}
{
  message: 'MongoDB Connected',
  level: 'info',
  timestamp: '2026-07-07T06:16:27.340Z'
}
{
  message: 'Server running on port 3000',
  level: 'info',
  timestamp: '2026-07-07T06:16:27.364Z'
}
{
  message: 'MongoDB Connected',
  level: 'info',
  timestamp: '2026-07-07T06:16:38.360Z'
}
{
  message: 'Server running on port 3000',
  level: 'info',
  timestamp: '2026-07-07T06:16:38.378Z'
}
{
  message: 'MongoDB Connected',
  level: 'info',
  timestamp: '2026-07-07T06:19:16.778Z'
}
{
  message: 'Server running on port 3000',
  level: 'info',
  timestamp: '2026-07-07T06:19:16.814Z'
}
{
  message: 'MongoDB Connected',
  level: 'info',
  timestamp: '2026-07-07T06:32:05.156Z'
}
{
  message: 'Server running on port 3000',
  level: 'info',
  timestamp: '2026-07-07T06:32:05.168Z'
}
{
  message: 'MongoDB Connected',
  level: 'info',
  timestamp: '2026-07-07T06:32:29.760Z'
}
{
  message: 'Server running on port 3000',
  level: 'info',
  timestamp: '2026-07-07T06:32:29.790Z'
}
{
  message: 'MongoDB Connected',
  level: 'info',
  timestamp: '2026-07-07T06:35:10.453Z'
}
{
  message: 'Server running on port 3000',
  level: 'info',
  timestamp: '2026-07-07T06:35:10.489Z'
}
{
  message: 'MongoDB Connected',
  level: 'info',
  timestamp: '2026-07-07T06:37:59.273Z'
}
{
  message: 'Server running on port 3000',
  level: 'info',
  timestamp: '2026-07-07T06:37:59.289Z'
}
{
  message: 'MongoDB Connected',
  level: 'info',
  timestamp: '2026-07-07T06:38:14.964Z'
}
{
  message: 'Server running on port 3000',
  level: 'info',
  timestamp: '2026-07-07T06:38:15.000Z'
}
{
  message: 'MongoDB Connected',
  level: 'info',
  timestamp: '2026-07-07T06:39:04.432Z'
}
{
  message: 'Server running on port 3000',
  level: 'info',
  timestamp: '2026-07-07T06:39:04.444Z'
}
{
  message: 'MongoDB Connected',
  level: 'info',
  timestamp: '2026-07-07T06:39:14.023Z'
}
{
  message: 'Server running on port 3000',
  level: 'info',
  timestamp: '2026-07-07T06:39:14.056Z'
}
{
  message: 'MongoDB Connected',
  level: 'info',
  timestamp: '2026-07-07T06:49:31.824Z'
}
{
  message: 'Server running on port 3000',
  level: 'info',
  timestamp: '2026-07-07T06:49:31.835Z'
}
{
  message: 'MongoDB Connected',
  level: 'info',
  timestamp: '2026-07-07T06:49:59.766Z'
}
{
  message: 'Server running on port 3000',
  level: 'info',
  timestamp: '2026-07-07T06:49:59.785Z'
}
{
  message: 'MongoDB Connected',
  level: 'info',
  timestamp: '2026-07-07T06:50:14.939Z'
}
{
  message: 'Server running on port 3000',
  level: 'info',
  timestamp: '2026-07-07T06:50:14.957Z'
}
{
  message: 'MongoDB Connected',
  level: 'info',
  timestamp: '2026-07-07T06:50:21.979Z'
}
{
  message: 'Server running on port 3000',
  level: 'info',
  timestamp: '2026-07-07T06:50:21.990Z'
}
{
  message: 'MongoDB Connected',
  level: 'info',
  timestamp: '2026-07-07T06:50:41.051Z'
}
{
  message: 'Server running on port 3000',
  level: 'info',
  timestamp: '2026-07-07T06:50:41.061Z'
}
{
  message: 'MongoDB Connected',
  level: 'info',
  timestamp: '2026-07-07T06:50:54.707Z'
}
{
  message: 'Server running on port 3000',
  level: 'info',
  timestamp: '2026-07-07T06:50:54.718Z'
}
{
  message: 'MongoDB Connected',
  level: 'info',
  timestamp: '2026-07-07T06:51:03.125Z'
}
{
  message: 'Server running on port 3000',
  level: 'info',
  timestamp: '2026-07-07T06:51:03.156Z'
}
