{
  message: 'MongoDB Connected',
  level: 'info',
  timestamp: '2026-07-05T16:21:15.229Z'
}
{
  message: 'Server running on port 3000',
  level: 'info',
  timestamp: '2026-07-05T16:21:15.239Z'
}
{
  message: 'MongoDB Connected',
  level: 'info',
  timestamp: '2026-07-05T16:43:46.164Z'
}
{
  message: 'Server running on port 3000',
  level: 'info',
  timestamp: '2026-07-05T16:43:46.195Z'
}
{
  message: 'MongoDB Connected',
  level: 'info',
  timestamp: '2026-07-05T16:44:53.035Z'
}
{
  message: 'Server running on port 3000',
  level: 'info',
  timestamp: '2026-07-05T16:44:53.054Z'
}
{
  message: 'MongoDB Connected',
  level: 'info',
  timestamp: '2026-07-05T16:46:12.974Z'
}
{
  message: 'Server running on port 3000',
  level: 'info',
  timestamp: '2026-07-05T16:46:13.015Z'
}
{
  message: 'MongoDB Connected',
  level: 'info',
  timestamp: '2026-07-05T16:47:30.918Z'
}
{
  message: 'Server running on port 3000',
  level: 'info',
  timestamp: '2026-07-05T16:47:30.931Z'
}
{
  message: 'MongoDB Connected',
  level: 'info',
  timestamp: '2026-07-05T16:47:40.077Z'
}
{
  message: 'Server running on port 3000',
  level: 'info',
  timestamp: '2026-07-05T16:47:40.090Z'
}
{
  message: 'MongoDB Connected',
  level: 'info',
  timestamp: '2026-07-05T16:48:14.699Z'
}
{
  message: 'Server running on port 3000',
  level: 'info',
  timestamp: '2026-07-05T16:48:14.725Z'
}
{
  message: 'MongoDB Connected',
  level: 'info',
  timestamp: '2026-07-05T16:48:50.509Z'
}
{
  message: 'Server running on port 3000',
  level: 'info',
  timestamp: '2026-07-05T16:48:50.520Z'
}
{
  message: 'MongoDB Connected',
  level: 'info',
  timestamp: '2026-07-05T16:49:36.200Z'
}
{
  message: 'Server running on port 3000',
  level: 'info',
  timestamp: '2026-07-05T16:49:36.209Z'
}
{
  message: 'MongoDB Connected',
  level: 'info',
  timestamp: '2026-07-05T16:52:59.478Z'
}
{
  message: 'Server running on port 3000',
  level: 'info',
  timestamp: '2026-07-05T16:52:59.493Z'
}
{
  message: 'MongoDB Connected',
  level: 'info',
  timestamp: '2026-07-05T16:54:05.106Z'
}
{
  message: 'Server running on port 3000',
  level: 'info',
  timestamp: '2026-07-05T16:54:05.117Z'
}
{
  message: 'MongoDB Connected',
  level: 'info',
  timestamp: '2026-07-05T16:54:38.555Z'
}
{
  message: 'Server running on port 3000',
  level: 'info',
  timestamp: '2026-07-05T16:54:38.589Z'
}
{
  message: 'MongoDB Connected',
  level: 'info',
  timestamp: '2026-07-05T16:55:41.084Z'
}
{
  message: 'Server running on port 3000',
  level: 'info',
  timestamp: '2026-07-05T16:55:41.114Z'
}
{
  message: 'MongoDB Connected',
  level: 'info',
  timestamp: '2026-07-05T16:56:51.801Z'
}
{
  message: 'Server running on port 3000',
  level: 'info',
  timestamp: '2026-07-05T16:56:51.817Z'
}
