{
  message: 'MongoDB Connected',
  level: 'info',
  timestamp: '2026-07-05T09:25:45.792Z'
}
{
  message: 'Server running on port 3000',
  level: 'info',
  timestamp: '2026-07-05T09:25:45.804Z'
}
{
  message: 'MongoDB Connected',
  level: 'info',
  timestamp: '2026-07-05T09:25:52.314Z'
}
{
  message: 'Server running on port 3000',
  level: 'info',
  timestamp: '2026-07-05T09:25:52.325Z'
}
{
  message: 'MongoDB Connected',
  level: 'info',
  timestamp: '2026-07-05T09:26:08.518Z'
}
{
  message: 'Server running on port 3000',
  level: 'info',
  timestamp: '2026-07-05T09:26:08.544Z'
}
{
  message: 'MongoDB Connected',
  level: 'info',
  timestamp: '2026-07-05T09:26:31.211Z'
}
{
  message: 'Server running on port 3000',
  level: 'info',
  timestamp: '2026-07-05T09:26:31.217Z'
}
{
  message: 'MongoDB Connected',
  level: 'info',
  timestamp: '2026-07-05T09:28:26.355Z'
}
{
  message: 'Server running on port 3000',
  level: 'info',
  timestamp: '2026-07-05T09:28:26.382Z'
}
{
  message: 'MongoDB Connected',
  level: 'info',
  timestamp: '2026-07-05T09:28:46.036Z'
}
{
  message: 'Server running on port 3000',
  level: 'info',
  timestamp: '2026-07-05T09:28:46.063Z'
}
{
  message: 'MongoDB Connected',
  level: 'info',
  timestamp: '2026-07-05T09:29:17.563Z'
}
{
  message: 'Server running on port 3000',
  level: 'info',
  timestamp: '2026-07-05T09:29:17.591Z'
}
{
  message: 'MongoDB Connected',
  level: 'info',
  timestamp: '2026-07-05T09:31:02.186Z'
}
{
  message: 'Server running on port 3000',
  level: 'info',
  timestamp: '2026-07-05T09:31:02.214Z'
}
{
  message: 'MongoDB Connected',
  level: 'info',
  timestamp: '2026-07-05T09:38:27.098Z'
}
{
  message: 'Server running on port 3000',
  level: 'info',
  timestamp: '2026-07-05T09:38:27.122Z'
}
{
  message: 'MongoDB Connected',
  level: 'info',
  timestamp: '2026-07-05T09:38:54.332Z'
}
{
  message: 'Server running on port 3000',
  level: 'info',
  timestamp: '2026-07-05T09:38:54.354Z'
}
{
  message: 'MongoDB Connected',
  level: 'info',
  timestamp: '2026-07-05T09:40:43.262Z'
}
{
  message: 'Server running on port 3000',
  level: 'info',
  timestamp: '2026-07-05T09:40:43.272Z'
}
{
  message: 'MongoDB Connected',
  level: 'info',
  timestamp: '2026-07-05T09:41:17.230Z'
}
{
  message: 'Server running on port 3000',
  level: 'info',
  timestamp: '2026-07-05T09:41:17.254Z'
}
{
  message: 'MongoDB Connected',
  level: 'info',
  timestamp: '2026-07-05T09:45:01.445Z'
}
{
  message: 'Server running on port 3000',
  level: 'info',
  timestamp: '2026-07-05T09:45:01.470Z'
}
{
  message: 'MongoDB Connected',
  level: 'info',
  timestamp: '2026-07-05T09:45:29.846Z'
}
{
  message: 'Server running on port 3000',
  level: 'info',
  timestamp: '2026-07-05T09:45:29.867Z'
}
{
  message: 'MongoDB Connected',
  level: 'info',
  timestamp: '2026-07-05T09:45:43.171Z'
}
{
  message: 'Server running on port 3000',
  level: 'info',
  timestamp: '2026-07-05T09:45:43.193Z'
}
{
  message: 'MongoDB Connected',
  level: 'info',
  timestamp: '2026-07-05T09:46:26.391Z'
}
{
  message: 'Server running on port 3000',
  level: 'info',
  timestamp: '2026-07-05T09:46:26.412Z'
}
{
  message: 'MongoDB Connected',
  level: 'info',
  timestamp: '2026-07-05T09:47:08.102Z'
}
{
  message: 'Server running on port 3000',
  level: 'info',
  timestamp: '2026-07-05T09:47:08.110Z'
}
{
  message: 'MongoDB Connected',
  level: 'info',
  timestamp: '2026-07-05T09:50:27.357Z'
}
{
  message: 'Server running on port 3000',
  level: 'info',
  timestamp: '2026-07-05T09:50:27.369Z'
}
{
  message: 'MongoDB Connected',
  level: 'info',
  timestamp: '2026-07-05T09:51:36.870Z'
}
{
  message: 'Server running on port 3000',
  level: 'info',
  timestamp: '2026-07-05T09:51:36.901Z'
}
{
  message: 'MongoDB Connected',
  level: 'info',
  timestamp: '2026-07-05T09:52:55.117Z'
}
{
  message: 'Server running on port 3000',
  level: 'info',
  timestamp: '2026-07-05T09:52:55.134Z'
}
{
  message: 'MongoDB Connected',
  level: 'info',
  timestamp: '2026-07-05T09:54:49.610Z'
}
{
  message: 'Server running on port 3000',
  level: 'info',
  timestamp: '2026-07-05T09:54:49.631Z'
}
