{
  message: 'MongoDB Connected',
  level: 'info',
  timestamp: '2026-07-07T05:11:36.891Z'
}
{
  message: 'Server running on port 3000',
  level: 'info',
  timestamp: '2026-07-07T05:11:36.918Z'
}
{
  message: 'MongoDB Connected',
  level: 'info',
  timestamp: '2026-07-07T05:23:34.223Z'
}
{
  message: 'Server running on port 3000',
  level: 'info',
  timestamp: '2026-07-07T05:23:34.246Z'
}
{
  message: 'MongoDB Connected',
  level: 'info',
  timestamp: '2026-07-07T05:24:48.334Z'
}
{
  message: 'Server running on port 3000',
  level: 'info',
  timestamp: '2026-07-07T05:24:48.357Z'
}
{
  message: 'MongoDB Connected',
  level: 'info',
  timestamp: '2026-07-07T05:25:51.412Z'
}
{
  message: 'Server running on port 3000',
  level: 'info',
  timestamp: '2026-07-07T05:25:51.424Z'
}
{
  message: 'MongoDB Connected',
  level: 'info',
  timestamp: '2026-07-07T05:26:18.914Z'
}
{
  message: 'Server running on port 3000',
  level: 'info',
  timestamp: '2026-07-07T05:26:18.939Z'
}
{
  message: 'MongoDB Connected',
  level: 'info',
  timestamp: '2026-07-07T05:26:40.488Z'
}
{
  message: 'Server running on port 3000',
  level: 'info',
  timestamp: '2026-07-07T05:26:40.516Z'
}
{
  message: 'MongoDB Connected',
  level: 'info',
  timestamp: '2026-07-07T05:36:59.097Z'
}
{
  message: 'Server running on port 3000',
  level: 'info',
  timestamp: '2026-07-07T05:36:59.125Z'
}
{
  message: 'MongoDB Connected',
  level: 'info',
  timestamp: '2026-07-07T05:37:20.430Z'
}
{
  message: 'Server running on port 3000',
  level: 'info',
  timestamp: '2026-07-07T05:37:20.442Z'
}
{
  message: 'MongoDB Connected',
  level: 'info',
  timestamp: '2026-07-07T05:42:34.237Z'
}
{
  message: 'Server running on port 3000',
  level: 'info',
  timestamp: '2026-07-07T05:42:34.259Z'
}
{
  message: 'MongoDB Connected',
  level: 'info',
  timestamp: '2026-07-07T05:42:49.364Z'
}
{
  message: 'Server running on port 3000',
  level: 'info',
  timestamp: '2026-07-07T05:42:49.392Z'
}
{
  message: 'MongoDB Connected',
  level: 'info',
  timestamp: '2026-07-07T05:42:59.678Z'
}
{
  message: 'Server running on port 3000',
  level: 'info',
  timestamp: '2026-07-07T05:42:59.699Z'
}
{
  message: 'MongoDB Connected',
  level: 'info',
  timestamp: '2026-07-07T05:43:48.633Z'
}
{
  message: 'Server running on port 3000',
  level: 'info',
  timestamp: '2026-07-07T05:43:48.659Z'
}
{
  message: 'MongoDB Connected',
  level: 'info',
  timestamp: '2026-07-07T05:44:00.488Z'
}
{
  message: 'Server running on port 3000',
  level: 'info',
  timestamp: '2026-07-07T05:44:00.512Z'
}
{
  message: 'MongoDB Connected',
  level: 'info',
  timestamp: '2026-07-07T05:44:32.664Z'
}
{
  message: 'Server running on port 3000',
  level: 'info',
  timestamp: '2026-07-07T05:44:32.689Z'
}
{
  message: 'MongoDB Connected',
  level: 'info',
  timestamp: '2026-07-07T05:46:42.271Z'
}
{
  message: 'Server running on port 3000',
  level: 'info',
  timestamp: '2026-07-07T05:46:42.294Z'
}
{
  message: 'MongoDB Connected',
  level: 'info',
  timestamp: '2026-07-07T05:47:09.739Z'
}
{
  message: 'Server running on port 3000',
  level: 'info',
  timestamp: '2026-07-07T05:47:09.751Z'
}
{
  message: 'MongoDB Connected',
  level: 'info',
  timestamp: '2026-07-07T05:49:33.517Z'
}
{
  message: 'Server running on port 3000',
  level: 'info',
  timestamp: '2026-07-07T05:49:33.544Z'
}
