{
  message: 'MongoDB Connected',
  level: 'info',
  timestamp: '2026-07-09T03:00:15.202Z'
}
{
  message: 'Server running on port 3000',
  level: 'info',
  timestamp: '2026-07-09T03:00:15.225Z'
}
{
  message: 'MongoDB Connected',
  level: 'info',
  timestamp: '2026-07-09T03:01:00.673Z'
}
{
  message: 'Server running on port 3000',
  level: 'info',
  timestamp: '2026-07-09T03:01:00.703Z'
}
{
  message: 'MongoDB Connected',
  level: 'info',
  timestamp: '2026-07-09T03:01:12.600Z'
}
{
  message: 'Server running on port 3000',
  level: 'info',
  timestamp: '2026-07-09T03:01:12.620Z'
}
{
  message: 'MongoDB Connected',
  level: 'info',
  timestamp: '2026-07-09T03:02:35.709Z'
}
{
  message: 'Server running on port 3000',
  level: 'info',
  timestamp: '2026-07-09T03:02:35.744Z'
}
{
  message: 'MongoDB Connected',
  level: 'info',
  timestamp: '2026-07-09T03:03:53.447Z'
}
{
  message: 'Server running on port 3000',
  level: 'info',
  timestamp: '2026-07-09T03:03:53.472Z'
}
{
  message: 'MongoDB Connected',
  level: 'info',
  timestamp: '2026-07-09T03:04:13.487Z'
}
{
  message: 'Server running on port 3000',
  level: 'info',
  timestamp: '2026-07-09T03:04:13.528Z'
}
{
  message: 'MongoDB Connected',
  level: 'info',
  timestamp: '2026-07-09T03:05:08.860Z'
}
{
  message: 'Server running on port 3000',
  level: 'info',
  timestamp: '2026-07-09T03:05:08.872Z'
}
{
  message: 'MongoDB Connected',
  level: 'info',
  timestamp: '2026-07-09T03:05:20.430Z'
}
{
  message: 'Server running on port 3000',
  level: 'info',
  timestamp: '2026-07-09T03:05:20.460Z'
}
{
  message: 'MongoDB Connected',
  level: 'info',
  timestamp: '2026-07-09T03:37:33.071Z'
}
{
  message: 'Server running on port 3000',
  level: 'info',
  timestamp: '2026-07-09T03:37:33.082Z'
}
{
  message: 'MongoDB Connected',
  level: 'info',
  timestamp: '2026-07-09T03:37:53.949Z'
}
{
  message: 'Server running on port 3000',
  level: 'info',
  timestamp: '2026-07-09T03:37:53.988Z'
}
{
  message: 'MongoDB Connected',
  level: 'info',
  timestamp: '2026-07-09T03:41:50.194Z'
}
{
  message: 'Server running on port 3000',
  level: 'info',
  timestamp: '2026-07-09T03:41:50.222Z'
}
{
  message: 'MongoDB Connected',
  level: 'info',
  timestamp: '2026-07-09T03:43:16.324Z'
}
{
  message: 'Server running on port 3000',
  level: 'info',
  timestamp: '2026-07-09T03:43:16.355Z'
}
{
  message: 'MongoDB Connected',
  level: 'info',
  timestamp: '2026-07-09T03:44:38.575Z'
}
{
  message: 'Server running on port 3000',
  level: 'info',
  timestamp: '2026-07-09T03:44:38.607Z'
}
{
  message: 'MongoDB Connected',
  level: 'info',
  timestamp: '2026-07-09T03:45:48.455Z'
}
{
  message: 'Server running on port 3000',
  level: 'info',
  timestamp: '2026-07-09T03:45:48.496Z'
}
{
  message: 'MongoDB Connected',
  level: 'info',
  timestamp: '2026-07-09T03:52:33.872Z'
}
{
  message: 'Server running on port 3000',
  level: 'info',
  timestamp: '2026-07-09T03:52:33.886Z'
}
